0 info it worked if it ends with ok
1 verbose cli [ '/usr/local/Cellar/node/4.1.1/bin/node',
1 verbose cli   '/usr/local/bin/npm',
1 verbose cli   'version',
1 verbose cli   '0.1.0-beta.3',
1 verbose cli   '-m',
1 verbose cli   '%version' ]
2 info using npm@2.14.4
3 info using node@v4.1.1
4 info git [ 'status', '--porcelain' ]
5 verbose stack Error: Git working directory not clean.
5 verbose stack M documentation/assets/js/search.js
5 verbose stack M documentation/classes/_raml1_artifacts_raml10parser_.abstractsecurityschemeimpl.html
5 verbose stack M documentation/classes/_raml1_artifacts_raml10parser_.annotationrefimpl.html
5 verbose stack M documentation/classes/_raml1_artifacts_raml10parser_.annotationtargetimpl.html
5 verbose stack M documentation/classes/_raml1_artifacts_raml10parser_.annotationtypedeclarationimpl.html
5 verbose stack M documentation/classes/_raml1_artifacts_raml10parser_.apidescriptionimpl.html
5 verbose stack M documentation/classes/_raml1_artifacts_raml10parser_.apiimpl.html
5 verbose stack M documentation/classes/_raml1_artifacts_raml10parser_.arraytypedeclarationimpl.html
5 verbose stack M documentation/classes/_raml1_artifacts_raml10parser_.basicsecurityschemeimpl.html
5 verbose stack M documentation/classes/_raml1_artifacts_raml10parser_.booleantypedeclarationimpl.html
5 verbose stack M documentation/classes/_raml1_artifacts_raml10parser_.booleantypeimpl.html
5 verbose stack M documentation/classes/_raml1_artifacts_raml10parser_.callbackapidescriptionimpl.html
5 verbose stack M documentation/classes/_raml1_artifacts_raml10parser_.contenttypeimpl.html
5 verbose stack M documentation/classes/_raml1_artifacts_raml10parser_.customsecurityschemeimpl.html
5 verbose stack M documentation/classes/_raml1_artifacts_raml10parser_.dataelementrefimpl.html
5 verbose stack M documentation/classes/_raml1_artifacts_raml10parser_.dateformatspecimpl.html
5 verbose stack M documentation/classes/_raml1_artifacts_raml10parser_.datetypedeclarationimpl.html
5 verbose stack M documentation/classes/_raml1_artifacts_raml10parser_.digestsecurityschemeimpl.html
5 verbose stack M documentation/classes/_raml1_artifacts_raml10parser_.documentationitemimpl.html
5 verbose stack M documentation/classes/_raml1_artifacts_raml10parser_.examplespecimpl.html
5 verbose stack M documentation/classes/_raml1_artifacts_raml10parser_.examplestringimpl.html
5 verbose stack M documentation/classes/_raml1_artifacts_raml10parser_.extensionimpl.html
5 verbose stack M documentation/classes/_raml1_artifacts_raml10parser_.filetypedeclarationimpl.html
5 verbose stack M documentation/classes/_raml1_artifacts_raml10parser_.fixeduristringimpl.html
5 verbose stack M documentation/classes/_raml1_artifacts_raml10parser_.fulluritemplatestringimpl.html
5 verbose stack M documentation/classes/_raml1_artifacts_raml10parser_.functionalinterfaceimpl.html
5 verbose stack M documentation/classes/_raml1_artifacts_raml10parser_.globalschemaimpl.html
5 verbose stack M documentation/classes/_raml1_artifacts_raml10parser_.hasnormalparametersimpl.html
5 verbose stack M documentation/classes/_raml1_artifacts_raml10parser_.importdeclarationimpl.html
5 verbose stack M documentation/classes/_raml1_artifacts_raml10parser_.integertypedeclarationimpl.html
5 verbose stack M documentation/classes/_raml1_artifacts_raml10parser_.jsonschemastringimpl.html
5 verbose stack M documentation/classes/_raml1_artifacts_raml10parser_.librarybaseimpl.html
5 verbose stack M documentation/classes/_raml1_artifacts_raml10parser_.libraryimpl.html
5 verbose stack M documentation/classes/_raml1_artifacts_raml10parser_.locationkindimpl.html
5 verbose stack M documentation/classes/_raml1_artifacts_raml10parser_.markdownstringimpl.html
5 verbose stack M documentation/classes/_raml1_artifacts_raml10parser_.methodbaseimpl.html
5 verbose stack M documentation/classes/_raml1_artifacts_raml10parser_.methodimpl.html
5 verbose stack M documentation/classes/_raml1_artifacts_raml10parser_.mimetypeimpl.html
5 verbose stack M documentation/classes/_raml1_artifacts_raml10parser_.modellocationimpl.html
5 verbose stack M documentation/classes/_raml1_artifacts_raml10parser_.numbertypedeclarationimpl.html
5 verbose stack M documentation/classes/_raml1_artifacts_raml10parser_.numbertypeimpl.html
5 verbose stack M documentation/classes/_raml1_artifacts_raml10parser_.oauth1securityschemeimpl.html
5 verbose stack M documentation/classes/_raml1_artifacts_raml10parser_.oauth1securityschemesettingsimpl.html
5 verbose stack M documentation/classes/_raml1_artifacts_raml10parser_.oauth2securityschemeimpl.html
5 verbose stack M documentation/classes/_raml1_artifacts_raml10parser_.oauth2securityschemesettingsimpl.html
5 verbose stack M documentation/classes/_raml1_artifacts_raml10parser_.objecttypedeclarationimpl.html
5 verbose stack M documentation/classes/_raml1_artifacts_raml10parser_.overlayimpl.html
5 verbose stack M documentation/classes/_raml1_artifacts_raml10parser_.passthroughsecurityschemeimpl.html
5 verbose stack M documentation/classes/_raml1_artifacts_raml10parser_.passthroughsecurityschemesettingsimpl.html
5 verbose stack M documentation/classes/_raml1_artifacts_raml10parser_.pointerimpl.html
5 verbose stack M documentation/classes/_raml1_artifacts_raml10parser_.ramlexpressionimpl.html
5 verbose stack M documentation/classes/_raml1_artifacts_raml10parser_.ramllanguageelementimpl.html
5 verbose stack M documentation/classes/_raml1_artifacts_raml10parser_.ramlpointerelementimpl.html
5 verbose stack M documentation/classes/_raml1_artifacts_raml10parser_.ramlpointerimpl.html
5 verbose stack M documentation/classes/_raml1_artifacts_raml10parser_.ramlprojectimpl.html
5 verbose stack M documentation/classes/_raml1_artifacts_raml10parser_.ramlselectorimpl.html
5 verbose stack M documentation/classes/_raml1_artifacts_raml10parser_.ramlsimpleelementimpl.html
5 verbose stack M documentation/classes/_raml1_artifacts_raml10parser_.referenceimpl.html
5 verbose stack M documentation/classes/_raml1_artifacts_raml10parser_.relativeuristringimpl.html
5 verbose stack M documentation/classes/_raml1_artifacts_raml10parser_.resourcebaseimpl.html
5 verbose stack M documentation/classes/_raml1_artifacts_raml10parser_.resourceimpl.html
5 verbose stack M documentation/classes/_raml1_artifacts_raml10parser_.resourcetypeimpl.html
5 verbose stack M documentation/classes/_raml1_artifacts_raml10parser_.resourcetyperefimpl.html
5 verbose stack M documentation/classes/_raml1_artifacts_raml10parser_.responseimpl.html
5 verbose stack M documentation/classes/_raml1_artifacts_raml10parser_.schemaelementimpl.html
5 verbose stack M documentation/classes/_raml1_artifacts_raml10parser_.schemastringimpl.html
5 verbose stack M documentation/classes/_raml1_artifacts_raml10parser_.scripthookelementimpl.html
5 verbose stack M documentation/classes/_raml1_artifacts_raml10parser_.scriptspecimpl.html
5 verbose stack M documentation/classes/_raml1_artifacts_raml10parser_.securityschemepartimpl.html
5 verbose stack M documentation/classes/_raml1_artifacts_raml10parser_.securityschemerefimpl.html
5 verbose stack M documentation/classes/_raml1_artifacts_raml10parser_.securityschemesettingsimpl.html
5 verbose stack M documentation/classes/_raml1_artifacts_raml10parser_.statuscodestringimpl.html
5 verbose stack M documentation/classes/_raml1_artifacts_raml10parser_.stringtypedeclarationimpl.html
5 verbose stack M documentation/classes/_raml1_artifacts_raml10parser_.stringtypeimpl.html
5 verbose stack M documentation/classes/_raml1_artifacts_raml10parser_.traitimpl.html
5 verbose stack M documentation/classes/_raml1_artifacts_raml10parser_.traitrefimpl.html
5 verbose stack M documentation/classes/_raml1_artifacts_raml10parser_.typedeclarationimpl.html
5 verbose stack M documentation/classes/_raml1_artifacts_raml10parser_.uniontypedeclarationimpl.html
5 verbose stack M documentation/classes/_raml1_artifacts_raml10parser_.uritemplateimpl.html
5 verbose stack M documentation/classes/_raml1_artifacts_raml10parser_.validityexpressionimpl.html
5 verbose stack M documentation/classes/_raml1_artifacts_raml10parser_.valuetypedeclarationimpl.html
5 verbose stack M documentation/classes/_raml1_artifacts_raml10parser_.valuetypeimpl.html
5 verbose stack M documentation/classes/_raml1_artifacts_raml10parser_.xmlschemastringimpl.html
5 verbose stack M documentation/classes/_raml1_ast_core_builder_.basicnodebuilder.html
5 verbose stack M documentation/classes/_raml1_ast_core_builder_.keymatcher.html
5 verbose stack M documentation/classes/_raml1_ast_core_expander_.defaulttransformer.html
5 verbose stack M documentation/classes/_raml1_ast_core_expander_.traitsandresourcetypesexpander.html
5 verbose stack M documentation/classes/_raml1_ast_core_expander_.transformmatches.html
5 verbose stack M documentation/classes/_raml1_ast_core_expander_.valuetransformer.html
5 verbose stack M documentation/classes/_raml1_ast_core_linter_.compositenodevalidator.html
5 verbose stack M documentation/classes/_raml1_ast_core_linter_.compositepropertyvalidator.html
5 verbose stack M documentation/classes/_raml1_ast_core_linter_.descriminatororreferencevalidator.html
5 verbose stack M documentation/classes/_raml1_ast_core_linter_.examplevalidator.html
5 verbose stack M documentation/classes/_raml1_ast_core_linter_.fixedfacetsvalidator.html
5 verbose stack M documentation/classes/_raml1_ast_core_linter_.inheritancerulesvalidator.html
5 verbose stack M documentation/classes/_raml1_ast_core_linter_.linterextensionsimpl.html
5 verbose stack M documentation/classes/_raml1_ast_core_linter_.lintersettings.html
5 verbose stack M documentation/classes/_raml1_ast_core_linter_.mediatypevalidator.html
5 verbose stack M documentation/classes/_raml1_ast_core_linter_.normalvalidator.html
5 verbose stack M documentation/classes/_raml1_ast_core_linter_.overlaynodesvalidator.html
5 verbose stack M documentation/classes/_raml1_ast_core_linter_.overridepropertyvalidator.html
5 verbose stack M documentation/classes/_raml1_ast_core_linter_.ramlversionandfragmentvalidator.html
5 verbose stack M documentation/classes/_raml1_ast_core_linter_.requiredpropertiesandcontextrequirementsvalidator.html
5 verbose stack M documentation/classes/_raml1_ast_core_linter_.scalarquotevalidator.html
5 verbose stack M documentation/classes/_raml1_ast_core_linter_.schemaortypevalidator.html
5 verbose stack M documentation/classes/_raml1_ast_core_linter_.stacknode.html
5 verbose stack M documentation/classes/_raml1_ast_core_linter_.typeexressionhierarchyvalidator.html
5 verbose stack M documentation/classes/_raml1_ast_core_linter_.typevalidator.html
5 verbose stack M documentation/classes/_raml1_ast_core_linter_.urivalidator.html
5 verbose stack M documentation/classes/_raml1_ast_core_linter_.urlparameternamevalidator.html
5 verbose stack M documentation/classes/_raml1_ast_core_linter_.validatechildrenkeys.html
5 verbose stack M documentation/classes/_raml1_ast_core_lowlevelastproxy_.lowlevelcompositenode.html
5 verbose stack M documentation/classes/_raml1_ast_core_lowlevelastproxy_.lowlevelproxynode.html
5 verbose stack M documentation/classes/_raml1_ast_core_lowlevelastproxy_.lowlevelvaluetransformingnode.html
5 verbose stack M documentation/classes/_raml1_ast_core_typebuilder_.validatorholder.html
5 verbose stack M documentation/classes/_raml1_definition_system_ramlservices_.ramlpropertydocumentationservice.html
5 verbose stack M documentation/classes/_raml1_definition_system_ramlservices_.ramlpropertyparserservice.html
5 verbose stack M documentation/classes/_raml1_definition_system_ramlservices_.ramlpropertyservice.html
5 verbose stack M documentation/classes/_raml1_definition_system_ramlservices_.ramlservice.html
5 verbose stack M documentation/classes/_raml1_definition_system_typesystem_.abstracttype.html
5 verbose stack M documentation/classes/_raml1_definition_system_typesystem_.adaptable.html
5 verbose stack M documentation/classes/_raml1_definition_system_typesystem_.annotation.html
5 verbose stack M documentation/classes/_raml1_definition_system_typesystem_.array.html
5 verbose stack M documentation/classes/_raml1_definition_system_typesystem_.described.html
5 verbose stack M documentation/classes/_raml1_definition_system_typesystem_.externaltype.html
5 verbose stack M documentation/classes/_raml1_definition_system_typesystem_.property.html
5 verbose stack M documentation/classes/_raml1_definition_system_typesystem_.structuredtype.html
5 verbose stack M documentation/classes/_raml1_definition_system_typesystem_.union.html
5 verbose stack M documentation/classes/_raml1_definition_system_typesystem_.valuerequirement.html
5 verbose stack M documentation/classes/_raml1_definition_system_typesystem_.valuetype.html
5 verbose stack M documentation/classes/_raml1_definitionsystem_.abstracttype.html
5 verbose stack M documentation/classes/_raml1_definitionsystem_.annotationtype.html
5 verbose stack M documentation/classes/_raml1_definitionsystem_.array.html
5 verbose stack M documentation/classes/_raml1_definitionsystem_.childvalueconstraint.html
5 verbose stack M documentation/classes/_raml1_definitionsystem_.enumtype.html
5 verbose stack M documentation/classes/_raml1_definitionsystem_.externaltype.html
5 verbose stack M documentation/classes/_raml1_definitionsystem_.nodeclass.html
5 verbose stack M documentation/classes/_raml1_definitionsystem_.property.html
5 verbose stack M documentation/classes/_raml1_definitionsystem_.referencetype.html
5 verbose stack M documentation/classes/_raml1_definitionsystem_.union.html
5 verbose stack M documentation/classes/_raml1_definitionsystem_.universe.html
5 verbose stack M documentation/classes/_raml1_definitionsystem_.userdefinedclass.html
5 verbose stack M documentation/classes/_raml1_definitionsystem_.userdefinedprop.html
5 verbose stack M documentation/classes/_raml1_definitionsystem_.valuetype.html
5 verbose stack M documentation/classes/_raml1_highlevelimpl_.astnodeimpl.html
5 verbose stack M documentation/classes/_raml1_highlevelimpl_.astpropimpl.html
5 verbose stack M documentation/classes/_raml1_highlevelimpl_.basicastnode.html
5 verbose stack M documentation/classes/_raml1_highlevelimpl_.structuredvalue.html
5 verbose stack M documentation/classes/_raml1_jsyaml_json2lowlevel_.astnode.html
5 verbose stack M documentation/classes/_raml1_jsyaml_jsyaml2lowlevel_.astnode.html
5 verbose stack M documentation/classes/_raml1_jsyaml_jsyaml2lowlevel_.insertionpoint.html
5 verbose stack M documentation/classes/_raml1_jsyaml_jsyaml2lowlevel_.project.html
5 verbose stack M documentation/classes/_raml1_lowlevelast_.astchangecommand.html
5 verbose stack M documentation/classes/_raml1_lowlevelast_.astdelta.html
5 verbose stack M documentation/classes/_raml1_lowlevelast_.compositecommand.html
5 verbose stack M documentation/classes/_raml1_lowlevelast_.linemapperimpl.html
5 verbose stack M documentation/classes/_raml1_lowlevelast_.textchangecommand.html
5 verbose stack M documentation/classes/_raml1_wrapped_ast_parsercore_.attributenodeimpl.html
5 verbose stack M documentation/classes/_raml1_wrapped_ast_parsercore_.basicnodeimpl.html
5 verbose stack M documentation/classes/_raml1_wrapped_ast_wrapperhelper_.helperuriparam.html
5 verbose stack M documentation/classes/_raml1_wrapped_ast_wrapperhelper_.paramvalue.html
5 verbose stack M documentation/classes/_raml1_wrapped_ast_wrapperhelper_.paramwrapper.html
5 verbose stack M documentation/classes/_raml1_wrapped_ast_wrapperhelper_.schemadef.html
5 verbose stack M documentation/enums/_raml1_ast_core_search_.locationkind.html
5 verbose stack M documentation/enums/_raml1_highlevelast_.issuecode.html
5 verbose stack M documentation/enums/_raml1_highlevelast_.nodekind.html
5 verbose stack M documentation/enums/_raml1_highlevelast_.ramlversion.html
5 verbose stack M documentation/enums/_raml1_highlevelimpl_.overlaymergemode.html
5 verbose stack M documentation/enums/_raml1_jsyaml_jsyaml2lowlevel_.insertionpointtype.html
5 verbose stack M documentation/enums/_raml1_lowlevelast_.commandkind.html
5 verbose stack M documentation/globals.html
5 verbose stack M documentation/interfaces/_raml1_artifacts_raml10parser_.abstractsecurityscheme.html
5 verbose stack M documentation/interfaces/_raml1_artifacts_raml10parser_.annotationref.html
5 verbose stack M documentation/interfaces/_raml1_artifacts_raml10parser_.annotationtarget.html
5 verbose stack M documentation/interfaces/_raml1_artifacts_raml10parser_.annotationtypedeclaration.html
5 verbose stack M documentation/interfaces/_raml1_artifacts_raml10parser_.api.html
5 verbose stack M documentation/interfaces/_raml1_artifacts_raml10parser_.apidescription.html
5 verbose stack M documentation/interfaces/_raml1_artifacts_raml10parser_.arraytypedeclaration.html
5 verbose stack M documentation/interfaces/_raml1_artifacts_raml10parser_.basicsecurityscheme.html
5 verbose stack M documentation/interfaces/_raml1_artifacts_raml10parser_.booleantype.html
5 verbose stack M documentation/interfaces/_raml1_artifacts_raml10parser_.booleantypedeclaration.html
5 verbose stack M documentation/interfaces/_raml1_artifacts_raml10parser_.callbackapidescription.html
5 verbose stack M documentation/interfaces/_raml1_artifacts_raml10parser_.contenttype.html
5 verbose stack M documentation/interfaces/_raml1_artifacts_raml10parser_.customsecurityscheme.html
5 verbose stack M documentation/interfaces/_raml1_artifacts_raml10parser_.dataelementref.html
5 verbose stack M documentation/interfaces/_raml1_artifacts_raml10parser_.dateformatspec.html
5 verbose stack M documentation/interfaces/_raml1_artifacts_raml10parser_.datetypedeclaration.html
5 verbose stack M documentation/interfaces/_raml1_artifacts_raml10parser_.digestsecurityscheme.html
5 verbose stack M documentation/interfaces/_raml1_artifacts_raml10parser_.documentationitem.html
5 verbose stack M documentation/interfaces/_raml1_artifacts_raml10parser_.examplespec.html
5 verbose stack M documentation/interfaces/_raml1_artifacts_raml10parser_.examplestring.html
5 verbose stack M documentation/interfaces/_raml1_artifacts_raml10parser_.extension.html
5 verbose stack M documentation/interfaces/_raml1_artifacts_raml10parser_.filetypedeclaration.html
5 verbose stack M documentation/interfaces/_raml1_artifacts_raml10parser_.fixeduristring.html
5 verbose stack M documentation/interfaces/_raml1_artifacts_raml10parser_.fulluritemplatestring.html
5 verbose stack M documentation/interfaces/_raml1_artifacts_raml10parser_.functionalinterface.html
5 verbose stack M documentation/interfaces/_raml1_artifacts_raml10parser_.globalschema.html
5 verbose stack M documentation/interfaces/_raml1_artifacts_raml10parser_.hasnormalparameters.html
5 verbose stack M documentation/interfaces/_raml1_artifacts_raml10parser_.importdeclaration.html
5 verbose stack M documentation/interfaces/_raml1_artifacts_raml10parser_.integertypedeclaration.html
5 verbose stack M documentation/interfaces/_raml1_artifacts_raml10parser_.jsonschemastring.html
5 verbose stack M documentation/interfaces/_raml1_artifacts_raml10parser_.library.html
5 verbose stack M documentation/interfaces/_raml1_artifacts_raml10parser_.librarybase.html
5 verbose stack M documentation/interfaces/_raml1_artifacts_raml10parser_.markdownstring.html
5 verbose stack M documentation/interfaces/_raml1_artifacts_raml10parser_.method.html
5 verbose stack M documentation/interfaces/_raml1_artifacts_raml10parser_.methodbase.html
5 verbose stack M documentation/interfaces/_raml1_artifacts_raml10parser_.mimetype.html
5 verbose stack M documentation/interfaces/_raml1_artifacts_raml10parser_.numbertype.html
5 verbose stack M documentation/interfaces/_raml1_artifacts_raml10parser_.numbertypedeclaration.html
5 verbose stack M documentation/interfaces/_raml1_artifacts_raml10parser_.oauth1securityscheme.html
5 verbose stack M documentation/interfaces/_raml1_artifacts_raml10parser_.oauth1securityschemesettings.html
5 verbose stack M documentation/interfaces/_raml1_artifacts_raml10parser_.oauth2securityscheme.html
5 verbose stack M documentation/interfaces/_raml1_artifacts_raml10parser_.oauth2securityschemesettings.html
5 verbose stack M documentation/interfaces/_raml1_artifacts_raml10parser_.objecttypedeclaration.html
5 verbose stack M documentation/interfaces/_raml1_artifacts_raml10parser_.overlay.html
5 verbose stack M documentation/interfaces/_raml1_artifacts_raml10parser_.passthroughsecurityscheme.html
5 verbose stack M documentation/interfaces/_raml1_artifacts_raml10parser_.passthroughsecurityschemesettings.html
5 verbose stack M documentation/interfaces/_raml1_artifacts_raml10parser_.pointer.html
5 verbose stack M documentation/interfaces/_raml1_artifacts_raml10parser_.ramlexpression.html
5 verbose stack M documentation/interfaces/_raml1_artifacts_raml10parser_.ramllanguageelement.html
5 verbose stack M documentation/interfaces/_raml1_artifacts_raml10parser_.ramlpointer.html
5 verbose stack M documentation/interfaces/_raml1_artifacts_raml10parser_.ramlpointerelement.html
5 verbose stack M documentation/interfaces/_raml1_artifacts_raml10parser_.ramlproject.html
5 verbose stack M documentation/interfaces/_raml1_artifacts_raml10parser_.ramlselector.html
5 verbose stack M documentation/interfaces/_raml1_artifacts_raml10parser_.ramlsimpleelement.html
5 verbose stack M documentation/interfaces/_raml1_artifacts_raml10parser_.reference.html
5 verbose stack M documentation/interfaces/_raml1_artifacts_raml10parser_.relativeuristring.html
5 verbose stack M documentation/interfaces/_raml1_artifacts_raml10parser_.resource.html
5 verbose stack M documentation/interfaces/_raml1_artifacts_raml10parser_.resourcebase.html
5 verbose stack M documentation/interfaces/_raml1_artifacts_raml10parser_.resourcetype.html
5 verbose stack M documentation/interfaces/_raml1_artifacts_raml10parser_.resourcetyperef.html
5 verbose stack M documentation/interfaces/_raml1_artifacts_raml10parser_.response.html
5 verbose stack M documentation/interfaces/_raml1_artifacts_raml10parser_.schemaelement.html
5 verbose stack M documentation/interfaces/_raml1_artifacts_raml10parser_.schemastring.html
5 verbose stack M documentation/interfaces/_raml1_artifacts_raml10parser_.scripthookelement.html
5 verbose stack M documentation/interfaces/_raml1_artifacts_raml10parser_.scriptspec.html
5 verbose stack M documentation/interfaces/_raml1_artifacts_raml10parser_.securityschemepart.html
5 verbose stack M documentation/interfaces/_raml1_artifacts_raml10parser_.securityschemeref.html
5 verbose stack M documentation/interfaces/_raml1_artifacts_raml10parser_.securityschemesettings.html
5 verbose stack M documentation/interfaces/_raml1_artifacts_raml10parser_.statuscodestring.html
5 verbose stack M documentation/interfaces/_raml1_artifacts_raml10parser_.stringtype.html
5 verbose stack M documentation/interfaces/_raml1_artifacts_raml10parser_.stringtypedeclaration.html
5 verbose stack M documentation/interfaces/_raml1_artifacts_raml10parser_.trait.html
5 verbose stack M documentation/interfaces/_raml1_artifacts_raml10parser_.traitref.html
5 verbose stack M documentation/interfaces/_raml1_artifacts_raml10parser_.typedeclaration.html
5 verbose stack M documentation/interfaces/_raml1_artifacts_raml10parser_.uniontypedeclaration.html
5 verbose stack M documentation/interfaces/_raml1_artifacts_raml10parser_.uritemplate.html
5 verbose stack M documentation/interfaces/_raml1_artifacts_raml10parser_.validityexpression.html
5 verbose stack M documentation/interfaces/_raml1_artifacts_raml10parser_.valuetype.html
5 verbose stack M documentation/interfaces/_raml1_artifacts_raml10parser_.valuetypedeclaration.html
5 verbose stack M documentation/interfaces/_raml1_artifacts_raml10parser_.xmlschemastring.html
5 verbose stack M documentation/interfaces/_raml1_ast_core_expander_.genericdata.html
5 verbose stack M documentation/interfaces/_raml1_ast_core_expander_.resourcegenericdata.html
5 verbose stack M documentation/interfaces/_raml1_ast_core_linter_.ishema.html
5 verbose stack M documentation/interfaces/_raml1_ast_core_linter_.nametoint.html
5 verbose stack M documentation/interfaces/_raml1_ast_core_linter_.nodevalidator.html
5 verbose stack M documentation/interfaces/_raml1_ast_core_linter_.propertyvalidator.html
5 verbose stack M documentation/interfaces/_raml1_ast_core_lowlevelastproxy_.childentry.html
5 verbose stack M documentation/interfaces/_raml1_ast_core_lowlevelastproxy_.valuetransformer.html
5 verbose stack M documentation/interfaces/_raml1_ast_core_search_.findusagesresult.html
5 verbose stack M documentation/interfaces/_raml1_ast_core_typebuilder_.mappropertyinfo.html
5 verbose stack M documentation/interfaces/_raml1_ast_core_typebuilder_.templateapplication.html
5 verbose stack M documentation/interfaces/_raml1_ast_core_typebuilder_.templatedata.html
5 verbose stack M documentation/interfaces/_raml1_definition_system_ramlservices_.cacheable.html
5 verbose stack M documentation/interfaces/_raml1_definition_system_typesystem_.facetvalidator.html
5 verbose stack M documentation/interfaces/_raml1_definition_system_typesystem_.iannotation.html
5 verbose stack M documentation/interfaces/_raml1_definition_system_typesystem_.iannotationtype.html
5 verbose stack M documentation/interfaces/_raml1_definition_system_typesystem_.iarraytype.html
5 verbose stack M documentation/interfaces/_raml1_definition_system_typesystem_.inamedentity.html
5 verbose stack M documentation/interfaces/_raml1_definition_system_typesystem_.injector.html
5 verbose stack M documentation/interfaces/_raml1_definition_system_typesystem_.iproperty.html
5 verbose stack M documentation/interfaces/_raml1_definition_system_typesystem_.ityped.html
5 verbose stack M documentation/interfaces/_raml1_definition_system_typesystem_.itypedefinition.html
5 verbose stack M documentation/interfaces/_raml1_definition_system_typesystem_.iuniontype.html
5 verbose stack M documentation/interfaces/_raml1_definition_system_typesystem_.iuniverse.html
5 verbose stack M documentation/interfaces/_raml1_definition_system_typesystem_.ivaluedocprovider.html
5 verbose stack M documentation/interfaces/_raml1_definition_system_typesystem_.namedid.html
5 verbose stack M documentation/interfaces/_raml1_definitionsystem_.cacheable.html
5 verbose stack M documentation/interfaces/_raml1_definitionsystem_.status.html
5 verbose stack M documentation/interfaces/_raml1_highlevelast_.iacceptor.html
5 verbose stack M documentation/interfaces/_raml1_highlevelast_.iattribute.html
5 verbose stack M documentation/interfaces/_raml1_highlevelast_.ihighlevelnode.html
5 verbose stack M documentation/interfaces/_raml1_highlevelast_.inodebuilder.html
5 verbose stack M documentation/interfaces/_raml1_highlevelast_.iparseresult.html
5 verbose stack M documentation/interfaces/_raml1_highlevelast_.ivaluedocprovider.html
5 verbose stack M documentation/interfaces/_raml1_highlevelast_.ivaluesuggester.html
5 verbose stack M documentation/interfaces/_raml1_highlevelast_.ivaluetypedefinition.html
5 verbose stack M documentation/interfaces/_raml1_highlevelast_.status.html
5 verbose stack M documentation/interfaces/_raml1_highlevelast_.validationacceptor.html
5 verbose stack M documentation/interfaces/_raml1_highlevelast_.validationaction.html
5 verbose stack M documentation/interfaces/_raml1_highlevelast_.validationissue.html
5 verbose stack M documentation/interfaces/_raml1_jsyaml_json2lowlevel_.serializeoptions.html
5 verbose stack M documentation/interfaces/_raml1_lowlevelast_.astvisitor.html
5 verbose stack M documentation/interfaces/_raml1_lowlevelast_.iastlistener.html
5 verbose stack M documentation/interfaces/_raml1_lowlevelast_.icompilationunit.html
5 verbose stack M documentation/interfaces/_raml1_lowlevelast_.ilowlevelastnode.html
5 verbose stack M documentation/interfaces/_raml1_lowlevelast_.ilowlevelenvironment.html
5 verbose stack M documentation/interfaces/_raml1_lowlevelast_.iproject.html
5 verbose stack M documentation/interfaces/_raml1_lowlevelast_.itextchangecommandlistener.html
5 verbose stack M documentation/interfaces/_raml1_lowlevelast_.linemapper.html
5 verbose stack M documentation/interfaces/_raml1_lowlevelast_.textposition.html
5 verbose stack M documentation/interfaces/_raml1_wrapped_ast_parsercore_.apiloadingerror.html
5 verbose stack M documentation/interfaces/_raml1_wrapped_ast_parsercore_.attributenode.html
5 verbose stack M documentation/interfaces/_raml1_wrapped_ast_parsercore_.basicnode.html
5 verbose stack M documentation/interfaces/_raml1_wrapped_ast_parsercore_.options.html
5 verbose stack M documentation/interfaces/_raml1_wrapped_ast_parsercore_.ramlparsererror.html
5 verbose stack M documentation/modules/_raml1_artifacts_raml10parser_.html
5 verbose stack M documentation/modules/_raml1_ast_core_builder_.html
5 verbose stack M documentation/modules/_raml1_ast_core_expander_.html
5 verbose stack M documentation/modules/_raml1_ast_core_linter_.html
5 verbose stack M documentation/modules/_raml1_ast_core_lowlevelastproxy_.html
5 verbose stack M documentation/modules/_raml1_ast_core_search_.html
5 verbose stack M documentation/modules/_raml1_ast_core_typebuilder_.html
5 verbose stack M documentation/modules/_raml1_definition_system_annotationhandlers_.html
5 verbose stack M documentation/modules/_raml1_definition_system_ramlservices_.html
5 verbose stack M documentation/modules/_raml1_definition_system_typesystem_.html
5 verbose stack M documentation/modules/_raml1_definitionsystem_.html
5 verbose stack M documentation/modules/_raml1_highlevelast_.html
5 verbose stack M documentation/modules/_raml1_highlevelimpl_.html
5 verbose stack M documentation/modules/_raml1_jsyaml_json2lowlevel_.html
5 verbose stack M documentation/modules/_raml1_jsyaml_jsyaml2lowlevel_.html
5 verbose stack M documentation/modules/_raml1_lowlevelast_.html
5 verbose stack M documentation/modules/_raml1_tools_universe_.html
5 verbose stack M documentation/modules/_raml1_wrapped_ast_wrapperhelper_.html
5 verbose stack M documentation/modules/_ramlscript_apiloader_.html
5 verbose stack M examples/web-example/bundle/bundle.js
5 verbose stack M parser-typings/src/raml1/artifacts/raml08parser.d.ts
5 verbose stack M parser-typings/src/raml1/artifacts/raml10parser.d.ts
5 verbose stack M parser-typings/src/raml1/ast.core/LowLevelASTProxy.d.ts
5 verbose stack M parser-typings/src/raml1/ast.core/expander.d.ts
5 verbose stack D parser-typings/src/raml1/definition-system/typeSystem.d.ts
5 verbose stack M parser-typings/src/raml1/highLevelAST.d.ts
5 verbose stack M parser-typings/src/raml1/highLevelImpl.d.ts
5 verbose stack M parser-typings/src/raml1/jsyaml/json2lowLevel.d.ts
5 verbose stack M parser-typings/src/raml1/jsyaml/jsyaml2lowLevel.d.ts
5 verbose stack M parser-typings/src/raml1/lowLevelAST.d.ts
5 verbose stack M parser-typings/src/raml1/tools/universe.d.ts
5 verbose stack M parser-typings/src/raml1/wrapped-ast/parserCore.d.ts
5 verbose stack M parser-typings/src/raml1/wrapped-ast/wrapperHelper.d.ts
5 verbose stack M parser-typings/src/raml1/wrapped-ast/wrapperHelper08.d.ts
5 verbose stack M parser-typings/typings/browser/ambient/Q/Q.d.ts
5 verbose stack M parser-typings/typings/browser/ambient/arrify/arrify.d.ts
5 verbose stack M parser-typings/typings/browser/ambient/atom-extended/atom-extended.d.ts
5 verbose stack M parser-typings/typings/browser/ambient/atom/atom.d.ts
5 verbose stack M parser-typings/typings/browser/ambient/chai/chai.d.ts
5 verbose stack M parser-typings/typings/browser/ambient/classnames/classnames.d.ts
5 verbose stack M parser-typings/typings/browser/ambient/client-oauth2/client-oauth2.d.ts
5 verbose stack M parser-typings/typings/browser/ambient/codemirror/codemirror.d.ts
5 verbose stack M parser-typings/typings/browser/ambient/custom/custom.d.ts
5 verbose stack M parser-typings/typings/browser/ambient/emissary/emissary.d.ts
5 verbose stack M parser-typings/typings/browser/ambient/es6-promise/es6-promise.d.ts
5 verbose stack M parser-typings/typings/browser/ambient/escape-html/escape-html.d.ts
5 verbose stack M parser-typings/typings/browser/ambient/escodegen/escodegen.d.ts
5 verbose stack M parser-typings/typings/browser/ambient/escope/escope.d.ts
5 verbose stack M parser-typings/typings/browser/ambient/esprima/esprima.d.ts
5 verbose stack M parser-typings/typings/browser/ambient/estraverse/estraverse.d.ts
5 verbose stack M parser-typings/typings/browser/ambient/finalhandler/finalhandler.d.ts
5 verbose stack M parser-typings/typings/browser/ambient/form-data/form-data.d.ts
5 verbose stack M parser-typings/typings/browser/ambient/gulp/gulp.d.ts
5 verbose stack M parser-typings/typings/browser/ambient/har/har.d.ts
5 verbose stack M parser-typings/typings/main/ambient/Q/Q.d.ts
5 verbose stack M parser-typings/typings/main/ambient/arrify/arrify.d.ts
5 verbose stack M parser-typings/typings/main/ambient/atom-extended/atom-extended.d.ts
5 verbose stack M parser-typings/typings/main/ambient/atom/atom.d.ts
5 verbose stack M parser-typings/typings/main/ambient/chai/chai.d.ts
5 verbose stack M parser-typings/typings/main/ambient/classnames/classnames.d.ts
5 verbose stack M parser-typings/typings/main/ambient/client-oauth2/client-oauth2.d.ts
5 verbose stack M parser-typings/typings/main/ambient/codemirror/codemirror.d.ts
5 verbose stack M parser-typings/typings/main/ambient/custom/custom.d.ts
5 verbose stack M parser-typings/typings/main/ambient/emissary/emissary.d.ts
5 verbose stack M parser-typings/typings/main/ambient/es6-promise/es6-promise.d.ts
5 verbose stack M parser-typings/typings/main/ambient/escape-html/escape-html.d.ts
5 verbose stack M parser-typings/typings/main/ambient/escodegen/escodegen.d.ts
5 verbose stack M parser-typings/typings/main/ambient/escope/escope.d.ts
5 verbose stack M parser-typings/typings/main/ambient/esprima/esprima.d.ts
5 verbose stack M parser-typings/typings/main/ambient/estraverse/estraverse.d.ts
5 verbose stack M parser-typings/typings/main/ambient/finalhandler/finalhandler.d.ts
5 verbose stack M parser-typings/typings/main/ambient/form-data/form-data.d.ts
5 verbose stack M parser-typings/typings/main/ambient/gulp/gulp.d.ts
5 verbose stack M parser-typings/typings/main/ambient/har/har.d.ts
5 verbose stack M src/raml1Parser.js
5 verbose stack     at /usr/local/lib/node_modules/npm/lib/version.js:171:21
5 verbose stack     at ChildProcess.exithandler (child_process.js:194:7)
5 verbose stack     at emitTwo (events.js:87:13)
5 verbose stack     at ChildProcess.emit (events.js:172:7)
5 verbose stack     at maybeClose (internal/child_process.js:817:16)
5 verbose stack     at Socket.<anonymous> (internal/child_process.js:319:11)
5 verbose stack     at emitOne (events.js:77:13)
5 verbose stack     at Socket.emit (events.js:169:7)
5 verbose stack     at Pipe._onclose (net.js:469:12)
6 verbose cwd /Users/munch/work/parsers/js_parser_repo/raml-js-parser-2
7 error Darwin 15.0.0
8 error argv "/usr/local/Cellar/node/4.1.1/bin/node" "/usr/local/bin/npm" "version" "0.1.0-beta.3" "-m" "%version"
9 error node v4.1.1
10 error npm  v2.14.4
11 error Git working directory not clean.
11 error M documentation/assets/js/search.js
11 error M documentation/classes/_raml1_artifacts_raml10parser_.abstractsecurityschemeimpl.html
11 error M documentation/classes/_raml1_artifacts_raml10parser_.annotationrefimpl.html
11 error M documentation/classes/_raml1_artifacts_raml10parser_.annotationtargetimpl.html
11 error M documentation/classes/_raml1_artifacts_raml10parser_.annotationtypedeclarationimpl.html
11 error M documentation/classes/_raml1_artifacts_raml10parser_.apidescriptionimpl.html
11 error M documentation/classes/_raml1_artifacts_raml10parser_.apiimpl.html
11 error M documentation/classes/_raml1_artifacts_raml10parser_.arraytypedeclarationimpl.html
11 error M documentation/classes/_raml1_artifacts_raml10parser_.basicsecurityschemeimpl.html
11 error M documentation/classes/_raml1_artifacts_raml10parser_.booleantypedeclarationimpl.html
11 error M documentation/classes/_raml1_artifacts_raml10parser_.booleantypeimpl.html
11 error M documentation/classes/_raml1_artifacts_raml10parser_.callbackapidescriptionimpl.html
11 error M documentation/classes/_raml1_artifacts_raml10parser_.contenttypeimpl.html
11 error M documentation/classes/_raml1_artifacts_raml10parser_.customsecurityschemeimpl.html
11 error M documentation/classes/_raml1_artifacts_raml10parser_.dataelementrefimpl.html
11 error M documentation/classes/_raml1_artifacts_raml10parser_.dateformatspecimpl.html
11 error M documentation/classes/_raml1_artifacts_raml10parser_.datetypedeclarationimpl.html
11 error M documentation/classes/_raml1_artifacts_raml10parser_.digestsecurityschemeimpl.html
11 error M documentation/classes/_raml1_artifacts_raml10parser_.documentationitemimpl.html
11 error M documentation/classes/_raml1_artifacts_raml10parser_.examplespecimpl.html
11 error M documentation/classes/_raml1_artifacts_raml10parser_.examplestringimpl.html
11 error M documentation/classes/_raml1_artifacts_raml10parser_.extensionimpl.html
11 error M documentation/classes/_raml1_artifacts_raml10parser_.filetypedeclarationimpl.html
11 error M documentation/classes/_raml1_artifacts_raml10parser_.fixeduristringimpl.html
11 error M documentation/classes/_raml1_artifacts_raml10parser_.fulluritemplatestringimpl.html
11 error M documentation/classes/_raml1_artifacts_raml10parser_.functionalinterfaceimpl.html
11 error M documentation/classes/_raml1_artifacts_raml10parser_.globalschemaimpl.html
11 error M documentation/classes/_raml1_artifacts_raml10parser_.hasnormalparametersimpl.html
11 error M documentation/classes/_raml1_artifacts_raml10parser_.importdeclarationimpl.html
11 error M documentation/classes/_raml1_artifacts_raml10parser_.integertypedeclarationimpl.html
11 error M documentation/classes/_raml1_artifacts_raml10parser_.jsonschemastringimpl.html
11 error M documentation/classes/_raml1_artifacts_raml10parser_.librarybaseimpl.html
11 error M documentation/classes/_raml1_artifacts_raml10parser_.libraryimpl.html
11 error M documentation/classes/_raml1_artifacts_raml10parser_.locationkindimpl.html
11 error M documentation/classes/_raml1_artifacts_raml10parser_.markdownstringimpl.html
11 error M documentation/classes/_raml1_artifacts_raml10parser_.methodbaseimpl.html
11 error M documentation/classes/_raml1_artifacts_raml10parser_.methodimpl.html
11 error M documentation/classes/_raml1_artifacts_raml10parser_.mimetypeimpl.html
11 error M documentation/classes/_raml1_artifacts_raml10parser_.modellocationimpl.html
11 error M documentation/classes/_raml1_artifacts_raml10parser_.numbertypedeclarationimpl.html
11 error M documentation/classes/_raml1_artifacts_raml10parser_.numbertypeimpl.html
11 error M documentation/classes/_raml1_artifacts_raml10parser_.oauth1securityschemeimpl.html
11 error M documentation/classes/_raml1_artifacts_raml10parser_.oauth1securityschemesettingsimpl.html
11 error M documentation/classes/_raml1_artifacts_raml10parser_.oauth2securityschemeimpl.html
11 error M documentation/classes/_raml1_artifacts_raml10parser_.oauth2securityschemesettingsimpl.html
11 error M documentation/classes/_raml1_artifacts_raml10parser_.objecttypedeclarationimpl.html
11 error M documentation/classes/_raml1_artifacts_raml10parser_.overlayimpl.html
11 error M documentation/classes/_raml1_artifacts_raml10parser_.passthroughsecurityschemeimpl.html
11 error M documentation/classes/_raml1_artifacts_raml10parser_.passthroughsecurityschemesettingsimpl.html
11 error M documentation/classes/_raml1_artifacts_raml10parser_.pointerimpl.html
11 error M documentation/classes/_raml1_artifacts_raml10parser_.ramlexpressionimpl.html
11 error M documentation/classes/_raml1_artifacts_raml10parser_.ramllanguageelementimpl.html
11 error M documentation/classes/_raml1_artifacts_raml10parser_.ramlpointerelementimpl.html
11 error M documentation/classes/_raml1_artifacts_raml10parser_.ramlpointerimpl.html
11 error M documentation/classes/_raml1_artifacts_raml10parser_.ramlprojectimpl.html
11 error M documentation/classes/_raml1_artifacts_raml10parser_.ramlselectorimpl.html
11 error M documentation/classes/_raml1_artifacts_raml10parser_.ramlsimpleelementimpl.html
11 error M documentation/classes/_raml1_artifacts_raml10parser_.referenceimpl.html
11 error M documentation/classes/_raml1_artifacts_raml10parser_.relativeuristringimpl.html
11 error M documentation/classes/_raml1_artifacts_raml10parser_.resourcebaseimpl.html
11 error M documentation/classes/_raml1_artifacts_raml10parser_.resourceimpl.html
11 error M documentation/classes/_raml1_artifacts_raml10parser_.resourcetypeimpl.html
11 error M documentation/classes/_raml1_artifacts_raml10parser_.resourcetyperefimpl.html
11 error M documentation/classes/_raml1_artifacts_raml10parser_.responseimpl.html
11 error M documentation/classes/_raml1_artifacts_raml10parser_.schemaelementimpl.html
11 error M documentation/classes/_raml1_artifacts_raml10parser_.schemastringimpl.html
11 error M documentation/classes/_raml1_artifacts_raml10parser_.scripthookelementimpl.html
11 error M documentation/classes/_raml1_artifacts_raml10parser_.scriptspecimpl.html
11 error M documentation/classes/_raml1_artifacts_raml10parser_.securityschemepartimpl.html
11 error M documentation/classes/_raml1_artifacts_raml10parser_.securityschemerefimpl.html
11 error M documentation/classes/_raml1_artifacts_raml10parser_.securityschemesettingsimpl.html
11 error M documentation/classes/_raml1_artifacts_raml10parser_.statuscodestringimpl.html
11 error M documentation/classes/_raml1_artifacts_raml10parser_.stringtypedeclarationimpl.html
11 error M documentation/classes/_raml1_artifacts_raml10parser_.stringtypeimpl.html
11 error M documentation/classes/_raml1_artifacts_raml10parser_.traitimpl.html
11 error M documentation/classes/_raml1_artifacts_raml10parser_.traitrefimpl.html
11 error M documentation/classes/_raml1_artifacts_raml10parser_.typedeclarationimpl.html
11 error M documentation/classes/_raml1_artifacts_raml10parser_.uniontypedeclarationimpl.html
11 error M documentation/classes/_raml1_artifacts_raml10parser_.uritemplateimpl.html
11 error M documentation/classes/_raml1_artifacts_raml10parser_.validityexpressionimpl.html
11 error M documentation/classes/_raml1_artifacts_raml10parser_.valuetypedeclarationimpl.html
11 error M documentation/classes/_raml1_artifacts_raml10parser_.valuetypeimpl.html
11 error M documentation/classes/_raml1_artifacts_raml10parser_.xmlschemastringimpl.html
11 error M documentation/classes/_raml1_ast_core_builder_.basicnodebuilder.html
11 error M documentation/classes/_raml1_ast_core_builder_.keymatcher.html
11 error M documentation/classes/_raml1_ast_core_expander_.defaulttransformer.html
11 error M documentation/classes/_raml1_ast_core_expander_.traitsandresourcetypesexpander.html
11 error M documentation/classes/_raml1_ast_core_expander_.transformmatches.html
11 error M documentation/classes/_raml1_ast_core_expander_.valuetransformer.html
11 error M documentation/classes/_raml1_ast_core_linter_.compositenodevalidator.html
11 error M documentation/classes/_raml1_ast_core_linter_.compositepropertyvalidator.html
11 error M documentation/classes/_raml1_ast_core_linter_.descriminatororreferencevalidator.html
11 error M documentation/classes/_raml1_ast_core_linter_.examplevalidator.html
11 error M documentation/classes/_raml1_ast_core_linter_.fixedfacetsvalidator.html
11 error M documentation/classes/_raml1_ast_core_linter_.inheritancerulesvalidator.html
11 error M documentation/classes/_raml1_ast_core_linter_.linterextensionsimpl.html
11 error M documentation/classes/_raml1_ast_core_linter_.lintersettings.html
11 error M documentation/classes/_raml1_ast_core_linter_.mediatypevalidator.html
11 error M documentation/classes/_raml1_ast_core_linter_.normalvalidator.html
11 error M documentation/classes/_raml1_ast_core_linter_.overlaynodesvalidator.html
11 error M documentation/classes/_raml1_ast_core_linter_.overridepropertyvalidator.html
11 error M documentation/classes/_raml1_ast_core_linter_.ramlversionandfragmentvalidator.html
11 error M documentation/classes/_raml1_ast_core_linter_.requiredpropertiesandcontextrequirementsvalidator.html
11 error M documentation/classes/_raml1_ast_core_linter_.scalarquotevalidator.html
11 error M documentation/classes/_raml1_ast_core_linter_.schemaortypevalidator.html
11 error M documentation/classes/_raml1_ast_core_linter_.stacknode.html
11 error M documentation/classes/_raml1_ast_core_linter_.typeexressionhierarchyvalidator.html
11 error M documentation/classes/_raml1_ast_core_linter_.typevalidator.html
11 error M documentation/classes/_raml1_ast_core_linter_.urivalidator.html
11 error M documentation/classes/_raml1_ast_core_linter_.urlparameternamevalidator.html
11 error M documentation/classes/_raml1_ast_core_linter_.validatechildrenkeys.html
11 error M documentation/classes/_raml1_ast_core_lowlevelastproxy_.lowlevelcompositenode.html
11 error M documentation/classes/_raml1_ast_core_lowlevelastproxy_.lowlevelproxynode.html
11 error M documentation/classes/_raml1_ast_core_lowlevelastproxy_.lowlevelvaluetransformingnode.html
11 error M documentation/classes/_raml1_ast_core_typebuilder_.validatorholder.html
11 error M documentation/classes/_raml1_definition_system_ramlservices_.ramlpropertydocumentationservice.html
11 error M documentation/classes/_raml1_definition_system_ramlservices_.ramlpropertyparserservice.html
11 error M documentation/classes/_raml1_definition_system_ramlservices_.ramlpropertyservice.html
11 error M documentation/classes/_raml1_definition_system_ramlservices_.ramlservice.html
11 error M documentation/classes/_raml1_definition_system_typesystem_.abstracttype.html
11 error M documentation/classes/_raml1_definition_system_typesystem_.adaptable.html
11 error M documentation/classes/_raml1_definition_system_typesystem_.annotation.html
11 error M documentation/classes/_raml1_definition_system_typesystem_.array.html
11 error M documentation/classes/_raml1_definition_system_typesystem_.described.html
11 error M documentation/classes/_raml1_definition_system_typesystem_.externaltype.html
11 error M documentation/classes/_raml1_definition_system_typesystem_.property.html
11 error M documentation/classes/_raml1_definition_system_typesystem_.structuredtype.html
11 error M documentation/classes/_raml1_definition_system_typesystem_.union.html
11 error M documentation/classes/_raml1_definition_system_typesystem_.valuerequirement.html
11 error M documentation/classes/_raml1_definition_system_typesystem_.valuetype.html
11 error M documentation/classes/_raml1_definitionsystem_.abstracttype.html
11 error M documentation/classes/_raml1_definitionsystem_.annotationtype.html
11 error M documentation/classes/_raml1_definitionsystem_.array.html
11 error M documentation/classes/_raml1_definitionsystem_.childvalueconstraint.html
11 error M documentation/classes/_raml1_definitionsystem_.enumtype.html
11 error M documentation/classes/_raml1_definitionsystem_.externaltype.html
11 error M documentation/classes/_raml1_definitionsystem_.nodeclass.html
11 error M documentation/classes/_raml1_definitionsystem_.property.html
11 error M documentation/classes/_raml1_definitionsystem_.referencetype.html
11 error M documentation/classes/_raml1_definitionsystem_.union.html
11 error M documentation/classes/_raml1_definitionsystem_.universe.html
11 error M documentation/classes/_raml1_definitionsystem_.userdefinedclass.html
11 error M documentation/classes/_raml1_definitionsystem_.userdefinedprop.html
11 error M documentation/classes/_raml1_definitionsystem_.valuetype.html
11 error M documentation/classes/_raml1_highlevelimpl_.astnodeimpl.html
11 error M documentation/classes/_raml1_highlevelimpl_.astpropimpl.html
11 error M documentation/classes/_raml1_highlevelimpl_.basicastnode.html
11 error M documentation/classes/_raml1_highlevelimpl_.structuredvalue.html
11 error M documentation/classes/_raml1_jsyaml_json2lowlevel_.astnode.html
11 error M documentation/classes/_raml1_jsyaml_jsyaml2lowlevel_.astnode.html
11 error M documentation/classes/_raml1_jsyaml_jsyaml2lowlevel_.insertionpoint.html
11 error M documentation/classes/_raml1_jsyaml_jsyaml2lowlevel_.project.html
11 error M documentation/classes/_raml1_lowlevelast_.astchangecommand.html
11 error M documentation/classes/_raml1_lowlevelast_.astdelta.html
11 error M documentation/classes/_raml1_lowlevelast_.compositecommand.html
11 error M documentation/classes/_raml1_lowlevelast_.linemapperimpl.html
11 error M documentation/classes/_raml1_lowlevelast_.textchangecommand.html
11 error M documentation/classes/_raml1_wrapped_ast_parsercore_.attributenodeimpl.html
11 error M documentation/classes/_raml1_wrapped_ast_parsercore_.basicnodeimpl.html
11 error M documentation/classes/_raml1_wrapped_ast_wrapperhelper_.helperuriparam.html
11 error M documentation/classes/_raml1_wrapped_ast_wrapperhelper_.paramvalue.html
11 error M documentation/classes/_raml1_wrapped_ast_wrapperhelper_.paramwrapper.html
11 error M documentation/classes/_raml1_wrapped_ast_wrapperhelper_.schemadef.html
11 error M documentation/enums/_raml1_ast_core_search_.locationkind.html
11 error M documentation/enums/_raml1_highlevelast_.issuecode.html
11 error M documentation/enums/_raml1_highlevelast_.nodekind.html
11 error M documentation/enums/_raml1_highlevelast_.ramlversion.html
11 error M documentation/enums/_raml1_highlevelimpl_.overlaymergemode.html
11 error M documentation/enums/_raml1_jsyaml_jsyaml2lowlevel_.insertionpointtype.html
11 error M documentation/enums/_raml1_lowlevelast_.commandkind.html
11 error M documentation/globals.html
11 error M documentation/interfaces/_raml1_artifacts_raml10parser_.abstractsecurityscheme.html
11 error M documentation/interfaces/_raml1_artifacts_raml10parser_.annotationref.html
11 error M documentation/interfaces/_raml1_artifacts_raml10parser_.annotationtarget.html
11 error M documentation/interfaces/_raml1_artifacts_raml10parser_.annotationtypedeclaration.html
11 error M documentation/interfaces/_raml1_artifacts_raml10parser_.api.html
11 error M documentation/interfaces/_raml1_artifacts_raml10parser_.apidescription.html
11 error M documentation/interfaces/_raml1_artifacts_raml10parser_.arraytypedeclaration.html
11 error M documentation/interfaces/_raml1_artifacts_raml10parser_.basicsecurityscheme.html
11 error M documentation/interfaces/_raml1_artifacts_raml10parser_.booleantype.html
11 error M documentation/interfaces/_raml1_artifacts_raml10parser_.booleantypedeclaration.html
11 error M documentation/interfaces/_raml1_artifacts_raml10parser_.callbackapidescription.html
11 error M documentation/interfaces/_raml1_artifacts_raml10parser_.contenttype.html
11 error M documentation/interfaces/_raml1_artifacts_raml10parser_.customsecurityscheme.html
11 error M documentation/interfaces/_raml1_artifacts_raml10parser_.dataelementref.html
11 error M documentation/interfaces/_raml1_artifacts_raml10parser_.dateformatspec.html
11 error M documentation/interfaces/_raml1_artifacts_raml10parser_.datetypedeclaration.html
11 error M documentation/interfaces/_raml1_artifacts_raml10parser_.digestsecurityscheme.html
11 error M documentation/interfaces/_raml1_artifacts_raml10parser_.documentationitem.html
11 error M documentation/interfaces/_raml1_artifacts_raml10parser_.examplespec.html
11 error M documentation/interfaces/_raml1_artifacts_raml10parser_.examplestring.html
11 error M documentation/interfaces/_raml1_artifacts_raml10parser_.extension.html
11 error M documentation/interfaces/_raml1_artifacts_raml10parser_.filetypedeclaration.html
11 error M documentation/interfaces/_raml1_artifacts_raml10parser_.fixeduristring.html
11 error M documentation/interfaces/_raml1_artifacts_raml10parser_.fulluritemplatestring.html
11 error M documentation/interfaces/_raml1_artifacts_raml10parser_.functionalinterface.html
11 error M documentation/interfaces/_raml1_artifacts_raml10parser_.globalschema.html
11 error M documentation/interfaces/_raml1_artifacts_raml10parser_.hasnormalparameters.html
11 error M documentation/interfaces/_raml1_artifacts_raml10parser_.importdeclaration.html
11 error M documentation/interfaces/_raml1_artifacts_raml10parser_.integertypedeclaration.html
11 error M documentation/interfaces/_raml1_artifacts_raml10parser_.jsonschemastring.html
11 error M documentation/interfaces/_raml1_artifacts_raml10parser_.library.html
11 error M documentation/interfaces/_raml1_artifacts_raml10parser_.librarybase.html
11 error M documentation/interfaces/_raml1_artifacts_raml10parser_.markdownstring.html
11 error M documentation/interfaces/_raml1_artifacts_raml10parser_.method.html
11 error M documentation/interfaces/_raml1_artifacts_raml10parser_.methodbase.html
11 error M documentation/interfaces/_raml1_artifacts_raml10parser_.mimetype.html
11 error M documentation/interfaces/_raml1_artifacts_raml10parser_.numbertype.html
11 error M documentation/interfaces/_raml1_artifacts_raml10parser_.numbertypedeclaration.html
11 error M documentation/interfaces/_raml1_artifacts_raml10parser_.oauth1securityscheme.html
11 error M documentation/interfaces/_raml1_artifacts_raml10parser_.oauth1securityschemesettings.html
11 error M documentation/interfaces/_raml1_artifacts_raml10parser_.oauth2securityscheme.html
11 error M documentation/interfaces/_raml1_artifacts_raml10parser_.oauth2securityschemesettings.html
11 error M documentation/interfaces/_raml1_artifacts_raml10parser_.objecttypedeclaration.html
11 error M documentation/interfaces/_raml1_artifacts_raml10parser_.overlay.html
11 error M documentation/interfaces/_raml1_artifacts_raml10parser_.passthroughsecurityscheme.html
11 error M documentation/interfaces/_raml1_artifacts_raml10parser_.passthroughsecurityschemesettings.html
11 error M documentation/interfaces/_raml1_artifacts_raml10parser_.pointer.html
11 error M documentation/interfaces/_raml1_artifacts_raml10parser_.ramlexpression.html
11 error M documentation/interfaces/_raml1_artifacts_raml10parser_.ramllanguageelement.html
11 error M documentation/interfaces/_raml1_artifacts_raml10parser_.ramlpointer.html
11 error M documentation/interfaces/_raml1_artifacts_raml10parser_.ramlpointerelement.html
11 error M documentation/interfaces/_raml1_artifacts_raml10parser_.ramlproject.html
11 error M documentation/interfaces/_raml1_artifacts_raml10parser_.ramlselector.html
11 error M documentation/interfaces/_raml1_artifacts_raml10parser_.ramlsimpleelement.html
11 error M documentation/interfaces/_raml1_artifacts_raml10parser_.reference.html
11 error M documentation/interfaces/_raml1_artifacts_raml10parser_.relativeuristring.html
11 error M documentation/interfaces/_raml1_artifacts_raml10parser_.resource.html
11 error M documentation/interfaces/_raml1_artifacts_raml10parser_.resourcebase.html
11 error M documentation/interfaces/_raml1_artifacts_raml10parser_.resourcetype.html
11 error M documentation/interfaces/_raml1_artifacts_raml10parser_.resourcetyperef.html
11 error M documentation/interfaces/_raml1_artifacts_raml10parser_.response.html
11 error M documentation/interfaces/_raml1_artifacts_raml10parser_.schemaelement.html
11 error M documentation/interfaces/_raml1_artifacts_raml10parser_.schemastring.html
11 error M documentation/interfaces/_raml1_artifacts_raml10parser_.scripthookelement.html
11 error M documentation/interfaces/_raml1_artifacts_raml10parser_.scriptspec.html
11 error M documentation/interfaces/_raml1_artifacts_raml10parser_.securityschemepart.html
11 error M documentation/interfaces/_raml1_artifacts_raml10parser_.securityschemeref.html
11 error M documentation/interfaces/_raml1_artifacts_raml10parser_.securityschemesettings.html
11 error M documentation/interfaces/_raml1_artifacts_raml10parser_.statuscodestring.html
11 error M documentation/interfaces/_raml1_artifacts_raml10parser_.stringtype.html
11 error M documentation/interfaces/_raml1_artifacts_raml10parser_.stringtypedeclaration.html
11 error M documentation/interfaces/_raml1_artifacts_raml10parser_.trait.html
11 error M documentation/interfaces/_raml1_artifacts_raml10parser_.traitref.html
11 error M documentation/interfaces/_raml1_artifacts_raml10parser_.typedeclaration.html
11 error M documentation/interfaces/_raml1_artifacts_raml10parser_.uniontypedeclaration.html
11 error M documentation/interfaces/_raml1_artifacts_raml10parser_.uritemplate.html
11 error M documentation/interfaces/_raml1_artifacts_raml10parser_.validityexpression.html
11 error M documentation/interfaces/_raml1_artifacts_raml10parser_.valuetype.html
11 error M documentation/interfaces/_raml1_artifacts_raml10parser_.valuetypedeclaration.html
11 error M documentation/interfaces/_raml1_artifacts_raml10parser_.xmlschemastring.html
11 error M documentation/interfaces/_raml1_ast_core_expander_.genericdata.html
11 error M documentation/interfaces/_raml1_ast_core_expander_.resourcegenericdata.html
11 error M documentation/interfaces/_raml1_ast_core_linter_.ishema.html
11 error M documentation/interfaces/_raml1_ast_core_linter_.nametoint.html
11 error M documentation/interfaces/_raml1_ast_core_linter_.nodevalidator.html
11 error M documentation/interfaces/_raml1_ast_core_linter_.propertyvalidator.html
11 error M documentation/interfaces/_raml1_ast_core_lowlevelastproxy_.childentry.html
11 error M documentation/interfaces/_raml1_ast_core_lowlevelastproxy_.valuetransformer.html
11 error M documentation/interfaces/_raml1_ast_core_search_.findusagesresult.html
11 error M documentation/interfaces/_raml1_ast_core_typebuilder_.mappropertyinfo.html
11 error M documentation/interfaces/_raml1_ast_core_typebuilder_.templateapplication.html
11 error M documentation/interfaces/_raml1_ast_core_typebuilder_.templatedata.html
11 error M documentation/interfaces/_raml1_definition_system_ramlservices_.cacheable.html
11 error M documentation/interfaces/_raml1_definition_system_typesystem_.facetvalidator.html
11 error M documentation/interfaces/_raml1_definition_system_typesystem_.iannotation.html
11 error M documentation/interfaces/_raml1_definition_system_typesystem_.iannotationtype.html
11 error M documentation/interfaces/_raml1_definition_system_typesystem_.iarraytype.html
11 error M documentation/interfaces/_raml1_definition_system_typesystem_.inamedentity.html
11 error M documentation/interfaces/_raml1_definition_system_typesystem_.injector.html
11 error M documentation/interfaces/_raml1_definition_system_typesystem_.iproperty.html
11 error M documentation/interfaces/_raml1_definition_system_typesystem_.ityped.html
11 error M documentation/interfaces/_raml1_definition_system_typesystem_.itypedefinition.html
11 error M documentation/interfaces/_raml1_definition_system_typesystem_.iuniontype.html
11 error M documentation/interfaces/_raml1_definition_system_typesystem_.iuniverse.html
11 error M documentation/interfaces/_raml1_definition_system_typesystem_.ivaluedocprovider.html
11 error M documentation/interfaces/_raml1_definition_system_typesystem_.namedid.html
11 error M documentation/interfaces/_raml1_definitionsystem_.cacheable.html
11 error M documentation/interfaces/_raml1_definitionsystem_.status.html
11 error M documentation/interfaces/_raml1_highlevelast_.iacceptor.html
11 error M documentation/interfaces/_raml1_highlevelast_.iattribute.html
11 error M documentation/interfaces/_raml1_highlevelast_.ihighlevelnode.html
11 error M documentation/interfaces/_raml1_highlevelast_.inodebuilder.html
11 error M documentation/interfaces/_raml1_highlevelast_.iparseresult.html
11 error M documentation/interfaces/_raml1_highlevelast_.ivaluedocprovider.html
11 error M documentation/interfaces/_raml1_highlevelast_.ivaluesuggester.html
11 error M documentation/interfaces/_raml1_highlevelast_.ivaluetypedefinition.html
11 error M documentation/interfaces/_raml1_highlevelast_.status.html
11 error M documentation/interfaces/_raml1_highlevelast_.validationacceptor.html
11 error M documentation/interfaces/_raml1_highlevelast_.validationaction.html
11 error M documentation/interfaces/_raml1_highlevelast_.validationissue.html
11 error M documentation/interfaces/_raml1_jsyaml_json2lowlevel_.serializeoptions.html
11 error M documentation/interfaces/_raml1_lowlevelast_.astvisitor.html
11 error M documentation/interfaces/_raml1_lowlevelast_.iastlistener.html
11 error M documentation/interfaces/_raml1_lowlevelast_.icompilationunit.html
11 error M documentation/interfaces/_raml1_lowlevelast_.ilowlevelastnode.html
11 error M documentation/interfaces/_raml1_lowlevelast_.ilowlevelenvironment.html
11 error M documentation/interfaces/_raml1_lowlevelast_.iproject.html
11 error M documentation/interfaces/_raml1_lowlevelast_.itextchangecommandlistener.html
11 error M documentation/interfaces/_raml1_lowlevelast_.linemapper.html
11 error M documentation/interfaces/_raml1_lowlevelast_.textposition.html
11 error M documentation/interfaces/_raml1_wrapped_ast_parsercore_.apiloadingerror.html
11 error M documentation/interfaces/_raml1_wrapped_ast_parsercore_.attributenode.html
11 error M documentation/interfaces/_raml1_wrapped_ast_parsercore_.basicnode.html
11 error M documentation/interfaces/_raml1_wrapped_ast_parsercore_.options.html
11 error M documentation/interfaces/_raml1_wrapped_ast_parsercore_.ramlparsererror.html
11 error M documentation/modules/_raml1_artifacts_raml10parser_.html
11 error M documentation/modules/_raml1_ast_core_builder_.html
11 error M documentation/modules/_raml1_ast_core_expander_.html
11 error M documentation/modules/_raml1_ast_core_linter_.html
11 error M documentation/modules/_raml1_ast_core_lowlevelastproxy_.html
11 error M documentation/modules/_raml1_ast_core_search_.html
11 error M documentation/modules/_raml1_ast_core_typebuilder_.html
11 error M documentation/modules/_raml1_definition_system_annotationhandlers_.html
11 error M documentation/modules/_raml1_definition_system_ramlservices_.html
11 error M documentation/modules/_raml1_definition_system_typesystem_.html
11 error M documentation/modules/_raml1_definitionsystem_.html
11 error M documentation/modules/_raml1_highlevelast_.html
11 error M documentation/modules/_raml1_highlevelimpl_.html
11 error M documentation/modules/_raml1_jsyaml_json2lowlevel_.html
11 error M documentation/modules/_raml1_jsyaml_jsyaml2lowlevel_.html
11 error M documentation/modules/_raml1_lowlevelast_.html
11 error M documentation/modules/_raml1_tools_universe_.html
11 error M documentation/modules/_raml1_wrapped_ast_wrapperhelper_.html
11 error M documentation/modules/_ramlscript_apiloader_.html
11 error M examples/web-example/bundle/bundle.js
11 error M parser-typings/src/raml1/artifacts/raml08parser.d.ts
11 error M parser-typings/src/raml1/artifacts/raml10parser.d.ts
11 error M parser-typings/src/raml1/ast.core/LowLevelASTProxy.d.ts
11 error M parser-typings/src/raml1/ast.core/expander.d.ts
11 error D parser-typings/src/raml1/definition-system/typeSystem.d.ts
11 error M parser-typings/src/raml1/highLevelAST.d.ts
11 error M parser-typings/src/raml1/highLevelImpl.d.ts
11 error M parser-typings/src/raml1/jsyaml/json2lowLevel.d.ts
11 error M parser-typings/src/raml1/jsyaml/jsyaml2lowLevel.d.ts
11 error M parser-typings/src/raml1/lowLevelAST.d.ts
11 error M parser-typings/src/raml1/tools/universe.d.ts
11 error M parser-typings/src/raml1/wrapped-ast/parserCore.d.ts
11 error M parser-typings/src/raml1/wrapped-ast/wrapperHelper.d.ts
11 error M parser-typings/src/raml1/wrapped-ast/wrapperHelper08.d.ts
11 error M parser-typings/typings/browser/ambient/Q/Q.d.ts
11 error M parser-typings/typings/browser/ambient/arrify/arrify.d.ts
11 error M parser-typings/typings/browser/ambient/atom-extended/atom-extended.d.ts
11 error M parser-typings/typings/browser/ambient/atom/atom.d.ts
11 error M parser-typings/typings/browser/ambient/chai/chai.d.ts
11 error M parser-typings/typings/browser/ambient/classnames/classnames.d.ts
11 error M parser-typings/typings/browser/ambient/client-oauth2/client-oauth2.d.ts
11 error M parser-typings/typings/browser/ambient/codemirror/codemirror.d.ts
11 error M parser-typings/typings/browser/ambient/custom/custom.d.ts
11 error M parser-typings/typings/browser/ambient/emissary/emissary.d.ts
11 error M parser-typings/typings/browser/ambient/es6-promise/es6-promise.d.ts
11 error M parser-typings/typings/browser/ambient/escape-html/escape-html.d.ts
11 error M parser-typings/typings/browser/ambient/escodegen/escodegen.d.ts
11 error M parser-typings/typings/browser/ambient/escope/escope.d.ts
11 error M parser-typings/typings/browser/ambient/esprima/esprima.d.ts
11 error M parser-typings/typings/browser/ambient/estraverse/estraverse.d.ts
11 error M parser-typings/typings/browser/ambient/finalhandler/finalhandler.d.ts
11 error M parser-typings/typings/browser/ambient/form-data/form-data.d.ts
11 error M parser-typings/typings/browser/ambient/gulp/gulp.d.ts
11 error M parser-typings/typings/browser/ambient/har/har.d.ts
11 error M parser-typings/typings/main/ambient/Q/Q.d.ts
11 error M parser-typings/typings/main/ambient/arrify/arrify.d.ts
11 error M parser-typings/typings/main/ambient/atom-extended/atom-extended.d.ts
11 error M parser-typings/typings/main/ambient/atom/atom.d.ts
11 error M parser-typings/typings/main/ambient/chai/chai.d.ts
11 error M parser-typings/typings/main/ambient/classnames/classnames.d.ts
11 error M parser-typings/typings/main/ambient/client-oauth2/client-oauth2.d.ts
11 error M parser-typings/typings/main/ambient/codemirror/codemirror.d.ts
11 error M parser-typings/typings/main/ambient/custom/custom.d.ts
11 error M parser-typings/typings/main/ambient/emissary/emissary.d.ts
11 error M parser-typings/typings/main/ambient/es6-promise/es6-promise.d.ts
11 error M parser-typings/typings/main/ambient/escape-html/escape-html.d.ts
11 error M parser-typings/typings/main/ambient/escodegen/escodegen.d.ts
11 error M parser-typings/typings/main/ambient/escope/escope.d.ts
11 error M parser-typings/typings/main/ambient/esprima/esprima.d.ts
11 error M parser-typings/typings/main/ambient/estraverse/estraverse.d.ts
11 error M parser-typings/typings/main/ambient/finalhandler/finalhandler.d.ts
11 error M parser-typings/typings/main/ambient/form-data/form-data.d.ts
11 error M parser-typings/typings/main/ambient/gulp/gulp.d.ts
11 error M parser-typings/typings/main/ambient/har/har.d.ts
11 error M src/raml1Parser.js
12 error If you need help, you may report this error at:
12 error     <https://github.com/npm/npm/issues>
13 verbose exit [ 1, true ]
